This is pdfTeX, Version 3.141592653-2.6-1.40.29 (MiKTeX 26.2) (preloaded format=pdflatex 2026.3.22)  22 MAR 2026 14:38
entering extended mode
 restricted \write18 enabled.
 file:line:error style messages enabled.
 %&-line parsing enabled.
**"c:/Users/Carlos A. Arronte/Desktop/MFC_JCAE/MFC_JCAE/sn-article.tex"
(c:/Users/Carlos A. Arronte/Desktop/MFC_JCAE/MFC_JCAE/sn-article.tex
LaTeX2e <2025-11-01>
L3 programming layer <2026-01-19>
(sn-jnl.cls
Document Class: sn-jnl 2019/11/18 v0.1: An authoring template for Springer Journal articles
(C:\Users\Carlos A. Arronte\AppData\Local\Programs\MiKTeX\tex/latex/base\article.cls
Document Class: article 2025/01/22 v1.4n Standard LaTeX document class
(C:\Users\Carlos A. Arronte\AppData\Local\Programs\MiKTeX\tex/latex/base\fleqn.clo
File: fleqn.clo 2016/12/29 v1.2b Standard LaTeX option (flush left equations)
\mathindent=\skip49
Applying: [2015/01/01] Make \[ robust on input line 50.
LaTeX Info: Redefining \[ on input line 51.
Already applied: [0000/00/00] Make \[ robust on input line 62.
Applying: [2015/01/01] Make \] robust on input line 74.
LaTeX Info: Redefining \] on input line 75.
Already applied: [0000/00/00] Make \] robust on input line 83.
) (C:\Users\Carlos A. Arronte\AppData\Local\Programs\MiKTeX\tex/latex/base\size10.clo
File: size10.clo 2025/01/22 v1.4n Standard LaTeX file (size option)
)
\c@part=\count275
\c@section=\count276
\c@subsection=\count277
\c@subsubsection=\count278
\c@paragraph=\count279
\c@subparagraph=\count280
\c@figure=\count281
\c@table=\count282
\abovecaptionskip=\skip50
\belowcaptionskip=\skip51
\bibindent=\dimen148
)
LaTeX Info: Redefining \rm on input line 145.
LaTeX Info: Redefining \sf on input line 146.
LaTeX Info: Redefining \tt on input line 147.
LaTeX Info: Redefining \bf on input line 148.
LaTeX Info: Redefining \it on input line 149.
LaTeX Info: Redefining \sl on input line 150.
LaTeX Info: Redefining \sc on input line 151.
LaTeX Info: Redefining \cal on input line 152.
LaTeX Info: Redefining \mit on input line 153.
LaTeX Info: Redefining \textsubscript on input line 211.
\columnhsize=\skip52
 (C:\Users\Carlos A. Arronte\AppData\Local\Programs\MiKTeX\tex/latex/geometry\geometry.sty
Package: geometry 2026/03/07 v6.0 Page Geometry
 (C:\Users\Carlos A. Arronte\AppData\Local\Programs\MiKTeX\tex/latex/graphics\keyval.sty
Package: keyval 2022/05/29 v1.15 key=value parser (DPC)
\KV@toks@=\toks17
) (C:\Users\Carlos A. Arronte\AppData\Local\Programs\MiKTeX\tex/generic/iftex\ifvtex.sty
Package: ifvtex 2019/10/25 v1.7 ifvtex legacy package. Use iftex instead.
 (C:\Users\Carlos A. Arronte\AppData\Local\Programs\MiKTeX\tex/generic/iftex\iftex.sty
Package: iftex 2024/12/12 v1.0g TeX engine tests
))
\Gm@cnth=\count283
\Gm@cntv=\count284
\c@Gm@tempcnt=\count285
\Gm@bindingoffset=\dimen149
\Gm@wd@mp=\dimen150
\Gm@odd@mp=\dimen151
\Gm@even@mp=\dimen152
\Gm@layoutwidth=\dimen153
\Gm@layoutheight=\dimen154
\Gm@layouthoffset=\dimen155
\Gm@layoutvoffset=\dimen156
\Gm@dimlist=\toks18
 (C:\Users\Carlos A. Arronte\AppData\Local\Programs\MiKTeX\tex/latex/geometry\geometry.cfg))
\artcatbox=\box53
\aucount=\count286
\corraucount=\count287
\punctcount=\count288
\emailcnt=\count289
\c@affn=\count290
\addcount=\count291
\PacsCount=\count292
\PacsTmpCnt=\count293
\FMremarkdim=\dimen157
\fmremarkbox=\box54
 (C:\Users\Carlos A. Arronte\AppData\Local\Programs\MiKTeX\tex/latex/sttools\cuted.sty
Package: cuted 2025/12/15 v2.10 Mixing onecolumn and twocolumn modes (ST)
\At@ViperColsBreak=\toks19
\preCutedStrip=\toks20
\postCutedStrip=\toks21
\cuted@@tempbox@a=\box55
\cuted@@tempbox@c=\box56
\cuted@@tempbox@var=\box57
\hold@viper=\box58
\@viper=\box59
\cuted@@varbox@a=\box60
\cuted@@varbox@c=\box61
\cuted@@tempdim@spread=\dimen158
\cuted@@tempdim@a=\dimen159
\cuted@@tempdim@b=\dimen160
\ht@hold@viper=\dimen161
\ht@viper=\dimen162
\var@@pagediscards@ht=\dimen163
\stripsep=\skip53
\viper@penalty=\count294
\strip@page@discards=\dimen164
)
\firstpagehtcheck=\dimen165
\labelwidthi=\dimen166
\labelwidthii=\dimen167
\labelwidthiii=\dimen168
\labelwidthiv=\dimen169
\figwidth=\dimen170
\figheight=\dimen171
\sidecapwidth=\dimen172
\wrapcapline=\dimen173
\totalwrapline=\dimen174
\wraptotline=\dimen175
\figurebox=\box62
\wrapfigcapbox=\box63
\figcapbox=\box64
\capbox=\box65
\headwidthskip=\skip54
\tabcapbox=\box66
\temptbox=\box67
\tempdime=\dimen176
\tabhtdime=\dimen177
 (C:\Users\Carlos A. Arronte\AppData\Local\Programs\MiKTeX\tex/latex/graphics\rotating.sty
Package: rotating 2025/01/14 v2.16e rotated objects in LaTeX
 (C:\Users\Carlos A. Arronte\AppData\Local\Programs\MiKTeX\tex/latex/graphics\graphicx.sty
Package: graphicx 2024/12/31 v1.2e Enhanced LaTeX Graphics (DPC,SPQR)
 (C:\Users\Carlos A. Arronte\AppData\Local\Programs\MiKTeX\tex/latex/graphics\graphics.sty
Package: graphics 2024/08/06 v1.4g Standard LaTeX Graphics (DPC,SPQR)
 (C:\Users\Carlos A. Arronte\AppData\Local\Programs\MiKTeX\tex/latex/graphics\trig.sty
Package: trig 2023/12/02 v1.11 sin cos tan (DPC)
) (C:\Users\Carlos A. Arronte\AppData\Local\Programs\MiKTeX\tex/latex/graphics-cfg\graphics.cfg
File: graphics.cfg 2016/06/04 v1.11 sample graphics configuration
)
Package graphics Info: Driver file: pdftex.def on input line 106.
 (C:\Users\Carlos A. Arronte\AppData\Local\Programs\MiKTeX\tex/latex/graphics-def\pdftex.def
File: pdftex.def 2025/09/29 v1.2d Graphics/color driver for pdftex
))
\Gin@req@height=\dimen178
\Gin@req@width=\dimen179
) (C:\Users\Carlos A. Arronte\AppData\Local\Programs\MiKTeX\tex/latex/base\ifthen.sty
Package: ifthen 2024/03/16 v1.1e Standard LaTeX ifthen package (DPC)
)
\c@r@tfl@t=\count295
\rotFPtop=\skip55
\rotFPbot=\skip56
\rot@float@box=\box68
\rot@mess@toks=\toks22
) (C:\Users\Carlos A. Arronte\AppData\Local\Programs\MiKTeX\tex/latex/threeparttable\threeparttable.sty
Package: threeparttable 2003/06/13  v 3.0
\@tempboxb=\box69
) (C:\Users\Carlos A. Arronte\AppData\Local\Programs\MiKTeX\tex/latex/appendix\appendix.sty
Package: appendix 2020/02/08 v1.2c extra appendix facilities
\c@@pps=\count296
\c@@ppsavesec=\count297
\c@@ppsaveapp=\count298
) (C:\Users\Carlos A. Arronte\AppData\Local\Programs\MiKTeX\tex/latex/hyperref\hyperref.sty
Package: hyperref 2026-01-29 v7.01p Hypertext links for LaTeX
 (C:\Users\Carlos A. Arronte\AppData\Local\Programs\MiKTeX\tex/latex/kvsetkeys\kvsetkeys.sty
Package: kvsetkeys 2022-10-05 v1.19 Key value parser (HO)
) (C:\Users\Carlos A. Arronte\AppData\Local\Programs\MiKTeX\tex/generic/kvdefinekeys\kvdefinekeys.sty
Package: kvdefinekeys 2019-12-19 v1.6 Define keys (HO)
) (C:\Users\Carlos A. Arronte\AppData\Local\Programs\MiKTeX\tex/generic/pdfescape\pdfescape.sty
Package: pdfescape 2019/12/09 v1.15 Implements pdfTeX's escape features (HO)
 (C:\Users\Carlos A. Arronte\AppData\Local\Programs\MiKTeX\tex/generic/ltxcmds\ltxcmds.sty
Package: ltxcmds 2023-12-04 v1.26 LaTeX kernel commands for general use (HO)
) (C:\Users\Carlos A. Arronte\AppData\Local\Programs\MiKTeX\tex/generic/pdftexcmds\pdftexcmds.sty
Package: pdftexcmds 2020-06-27 v0.33 Utility functions of pdfTeX for LuaTeX (HO)
 (C:\Users\Carlos A. Arronte\AppData\Local\Programs\MiKTeX\tex/generic/infwarerr\infwarerr.sty
Package: infwarerr 2019/12/03 v1.5 Providing info/warning/error messages (HO)
)
Package pdftexcmds Info: \pdf@primitive is available.
Package pdftexcmds Info: \pdf@ifprimitive is available.
Package pdftexcmds Info: \pdfdraftmode found.
)) (C:\Users\Carlos A. Arronte\AppData\Local\Programs\MiKTeX\tex/latex/hycolor\hycolor.sty
Package: hycolor 2020-01-27 v1.10 Color options for hyperref/bookmark (HO)
) (C:\Users\Carlos A. Arronte\AppData\Local\Programs\MiKTeX\tex/latex/hyperref\nameref.sty
Package: nameref 2026-01-29 v2.58 Cross-referencing by name of section
 (C:\Users\Carlos A. Arronte\AppData\Local\Programs\MiKTeX\tex/latex/refcount\refcount.sty
Package: refcount 2019/12/15 v3.6 Data extraction from label references (HO)
) (C:\Users\Carlos A. Arronte\AppData\Local\Programs\MiKTeX\tex/generic/gettitlestring\gettitlestring.sty
Package: gettitlestring 2019/12/15 v1.6 Cleanup title references (HO)
 (C:\Users\Carlos A. Arronte\AppData\Local\Programs\MiKTeX\tex/latex/kvoptions\kvoptions.sty
Package: kvoptions 2022-06-15 v3.15 Key value format for package options (HO)
))
\c@section@level=\count299
) (C:\Users\Carlos A. Arronte\AppData\Local\Programs\MiKTeX\tex/latex/etoolbox\etoolbox.sty
Package: etoolbox 2025/10/02 v2.5m e-TeX tools for LaTeX (JAW)
\etb@tempcnta=\count300
) (C:\Users\Carlos A. Arronte\AppData\Local\Programs\MiKTeX\tex/generic/stringenc\stringenc.sty
Package: stringenc 2019/11/29 v1.12 Convert strings between diff. encodings (HO)
)
\@linkdim=\dimen180
\Hy@linkcounter=\count301
\Hy@pagecounter=\count302
 (C:\Users\Carlos A. Arronte\AppData\Local\Programs\MiKTeX\tex/latex/hyperref\pd1enc.def
File: pd1enc.def 2026-01-29 v7.01p Hyperref: PDFDocEncoding definition (HO)
Now handling font encoding PD1 ...
... no UTF-8 mapping file for font encoding PD1
) (C:\Users\Carlos A. Arronte\AppData\Local\Programs\MiKTeX\tex/generic/intcalc\intcalc.sty
Package: intcalc 2019/12/15 v1.3 Expandable calculations with integers (HO)
)
\Hy@SavedSpaceFactor=\count303
 (C:\Users\Carlos A. Arronte\AppData\Local\Programs\MiKTeX\tex/latex/hyperref\puenc.def
File: puenc.def 2026-01-29 v7.01p Hyperref: PDF Unicode definition (HO)
Now handling font encoding PU ...
... no UTF-8 mapping file for font encoding PU
)
Package hyperref Info: Hyper figures OFF on input line 4201.
Package hyperref Info: Link nesting OFF on input line 4206.
Package hyperref Info: Hyper index ON on input line 4209.
Package hyperref Info: Plain pages OFF on input line 4216.
Package hyperref Info: Backreferencing OFF on input line 4221.
Package hyperref Info: Implicit mode ON; LaTeX internals redefined.
Package hyperref Info: Bookmarks ON on input line 4468.
\c@Hy@tempcnt=\count304
 (C:\Users\Carlos A. Arronte\AppData\Local\Programs\MiKTeX\tex/latex/url\url.sty
\Urlmuskip=\muskip17
Package: url 2013/09/16  ver 3.4  Verb mode for urls, etc.
)
LaTeX Info: Redefining \url on input line 4807.
\XeTeXLinkMargin=\dimen181
 (C:\Users\Carlos A. Arronte\AppData\Local\Programs\MiKTeX\tex/generic/bitset\bitset.sty
Package: bitset 2019/12/09 v1.3 Handle bit-vector datatype (HO)
 (C:\Users\Carlos A. Arronte\AppData\Local\Programs\MiKTeX\tex/generic/bigintcalc\bigintcalc.sty
Package: bigintcalc 2019/12/15 v1.5 Expandable calculations on big integers (HO)
))
\Fld@menulength=\count305
\Field@Width=\dimen182
\Fld@charsize=\dimen183
Package hyperref Info: Hyper figures OFF on input line 6084.
Package hyperref Info: Link nesting OFF on input line 6089.
Package hyperref Info: Hyper index ON on input line 6092.
Package hyperref Info: backreferencing OFF on input line 6099.
Package hyperref Info: Link coloring OFF on input line 6104.
Package hyperref Info: Link coloring with OCG OFF on input line 6109.
Package hyperref Info: PDF/A mode OFF on input line 6114.
\Hy@abspage=\count306
\c@Item=\count307
\c@Hfootnote=\count308
)
Package hyperref Info: Driver (autodetected): hpdftex.
 (C:\Users\Carlos A. Arronte\AppData\Local\Programs\MiKTeX\tex/latex/hyperref\hpdftex.def
File: hpdftex.def 2026-01-29 v7.01p Hyperref driver for pdfTeX
\Fld@listcount=\count309
\c@bookmark@seq@number=\count310
 (C:\Users\Carlos A. Arronte\AppData\Local\Programs\MiKTeX\tex/latex/rerunfilecheck\rerunfilecheck.sty
Package: rerunfilecheck 2025-06-21 v1.11 Rerun checks for auxiliary files (HO)
 (C:\Users\Carlos A. Arronte\AppData\Local\Programs\MiKTeX\tex/generic/uniquecounter\uniquecounter.sty
Package: uniquecounter 2019/12/15 v1.4 Provide unlimited unique counter (HO)
)
Package uniquecounter Info: New unique counter `rerunfilecheck' on input line 284.
)
\Hy@SectionHShift=\skip57
) (C:\Users\Carlos A. Arronte\AppData\Local\Programs\MiKTeX\tex/latex/breakurl\breakurl.sty
Package: breakurl 2013/04/10 v1.40 Breakable hyperref URLs
 (C:\Users\Carlos A. Arronte\AppData\Local\Programs\MiKTeX\tex/latex/xkeyval\xkeyval.sty
Package: xkeyval 2022/06/16 v2.9 package option processing (HA)
 (C:\Users\Carlos A. Arronte\AppData\Local\Programs\MiKTeX\tex/generic/xkeyval\xkeyval.tex (C:\Users\Carlos A. Arronte\AppData\Local\Programs\MiKTeX\tex/generic/xkeyval\xkvutils.tex
\XKV@toks=\toks23
\XKV@tempa@toks=\toks24
)
\XKV@depth=\count311
File: xkeyval.tex 2014/12/03 v2.7a key=value parser (HA)
)) (C:\Users\Carlos A. Arronte\AppData\Local\Programs\MiKTeX\tex/generic/iftex\ifpdf.sty
Package: ifpdf 2019/10/25 v3.4 ifpdf legacy package. Use iftex instead.
)

Package breakurl Warning: You are using breakurl while processing via pdflatex.
(breakurl)                \burl will be just a synonym of \url.
(breakurl)                 on input line 48.

)
Package hyperref Info: Option `colorlinks' set `true' on input line 1468.
Package hyperref Info: Option `breaklinks' set `true' on input line 1468.
Package hyperref Info: Option `plainpages' set `false' on input line 1468.
Package hyperref Info: Option `bookmarksopen' set `true' on input line 1468.
Package hyperref Info: Option `bookmarksnumbered' set `false' on input line 1468.
 (C:\Users\Carlos A. Arronte\AppData\Local\Programs\MiKTeX\tex/latex/wrapfig\wrapfig.sty
\wrapoverhang=\dimen184
\WF@size=\dimen185
\c@WF@wrappedlines=\count312
\WF@box=\box70
\WF@everypar=\toks25
Package: wrapfig 2003/01/31  v 3.6
)
\wraplines=\count313
\@authorfigbox=\box71
\@authorfigboxdim=\skip58
\biofigadjskip=\skip59
 (C:\Users\Carlos A. Arronte\AppData\Local\Programs\MiKTeX\tex/latex/natbib\natbib.sty
Package: natbib 2010/09/13 8.31b (PWD, AO)
\bibhang=\skip60
\bibsep=\skip61
LaTeX Info: Redefining \cite on input line 694.
\c@NAT@ctr=\count314
)
Package hyperref Info: Option `colorlinks' set `false' on input line 1713.
) (C:\Users\Carlos A. Arronte\AppData\Local\Programs\MiKTeX\tex/latex/multirow\multirow.sty
Package: multirow 2024/11/12 v2.9 Span multiple rows of a table
\multirow@colwidth=\skip62
\multirow@cntb=\count315
\multirow@dima=\skip63
\bigstrutjot=\dimen186
) (C:\Users\Carlos A. Arronte\AppData\Local\Programs\MiKTeX\tex/latex/amsmath\amsmath.sty
Package: amsmath 2025/07/09 v2.17z AMS math features
\@mathmargin=\skip64

For additional information on amsmath, use the `?' option.
(C:\Users\Carlos A. Arronte\AppData\Local\Programs\MiKTeX\tex/latex/amsmath\amstext.sty
Package: amstext 2024/11/17 v2.01 AMS text
 (C:\Users\Carlos A. Arronte\AppData\Local\Programs\MiKTeX\tex/latex/amsmath\amsgen.sty
File: amsgen.sty 1999/11/30 v2.0 generic functions
\@emptytoks=\toks26
\ex@=\dimen187
)) (C:\Users\Carlos A. Arronte\AppData\Local\Programs\MiKTeX\tex/latex/amsmath\amsbsy.sty
Package: amsbsy 1999/11/29 v1.2d Bold Symbols
\pmbraise@=\dimen188
) (C:\Users\Carlos A. Arronte\AppData\Local\Programs\MiKTeX\tex/latex/amsmath\amsopn.sty
Package: amsopn 2022/04/08 v2.04 operator names
)
\inf@bad=\count316
LaTeX Info: Redefining \frac on input line 233.
\uproot@=\count317
\leftroot@=\count318
LaTeX Info: Redefining \overline on input line 398.
LaTeX Info: Redefining \colon on input line 409.
\classnum@=\count319
\DOTSCASE@=\count320
LaTeX Info: Redefining \ldots on input line 495.
LaTeX Info: Redefining \dots on input line 498.
LaTeX Info: Redefining \cdots on input line 619.
\Mathstrutbox@=\box72
\strutbox@=\box73
LaTeX Info: Redefining \big on input line 721.
LaTeX Info: Redefining \Big on input line 722.
LaTeX Info: Redefining \bigg on input line 723.
LaTeX Info: Redefining \Bigg on input line 724.
\big@size=\dimen189
LaTeX Font Info:    Redeclaring font encoding OML on input line 742.
LaTeX Font Info:    Redeclaring font encoding OMS on input line 743.
\macc@depth=\count321
LaTeX Info: Redefining \bmod on input line 904.
LaTeX Info: Redefining \pmod on input line 909.
LaTeX Info: Redefining \smash on input line 939.
LaTeX Info: Redefining \relbar on input line 969.
LaTeX Info: Redefining \Relbar on input line 970.
\c@MaxMatrixCols=\count322
\dotsspace@=\muskip18
\c@parentequation=\count323
\dspbrk@lvl=\count324
\tag@help=\toks27
\row@=\count325
\column@=\count326
\maxfields@=\count327
\andhelp@=\toks28
\eqnshift@=\dimen190
\alignsep@=\dimen191
\tagshift@=\dimen192
\tagwidth@=\dimen193
\totwidth@=\dimen194
\lineht@=\dimen195
\@envbody=\toks29
\multlinegap=\skip65
\multlinetaggap=\skip66
\mathdisplay@stack=\toks30
LaTeX Info: Redefining \[ on input line 2950.
LaTeX Info: Redefining \] on input line 2951.
) (C:\Users\Carlos A. Arronte\AppData\Local\Programs\MiKTeX\tex/latex/amsfonts\amssymb.sty
Package: amssymb 2013/01/14 v3.01 AMS font symbols
 (C:\Users\Carlos A. Arronte\AppData\Local\Programs\MiKTeX\tex/latex/amsfonts\amsfonts.sty
Package: amsfonts 2013/01/14 v3.01 Basic AMSFonts support
\symAMSa=\mathgroup4
\symAMSb=\mathgroup5
LaTeX Font Info:    Redeclaring math symbol \hbar on input line 98.
LaTeX Font Info:    Overwriting math alphabet `\mathfrak' in version `bold'
(Font)                  U/euf/m/n --> U/euf/b/n on input line 106.
)) (C:\Users\Carlos A. Arronte\AppData\Local\Programs\MiKTeX\tex/latex/amscls\amsthm.sty
Package: amsthm 2020/05/29 v2.20.6
\thm@style=\toks31
\thm@bodyfont=\toks32
\thm@headfont=\toks33
\thm@notefont=\toks34
\thm@headpunct=\toks35
\thm@preskip=\skip67
\thm@postskip=\skip68
\thm@headsep=\skip69
\dth@everypar=\toks36
) (C:\Users\Carlos A. Arronte\AppData\Local\Programs\MiKTeX\tex/latex/jknappen\mathrsfs.sty
Package: mathrsfs 1996/01/01 Math RSFS package v1.0 (jk)
\symrsfs=\mathgroup6
) (C:\Users\Carlos A. Arronte\AppData\Local\Programs\MiKTeX\tex/latex/xcolor\xcolor.sty
Package: xcolor 2024/09/29 v3.02 LaTeX color extensions (UK)
 (C:\Users\Carlos A. Arronte\AppData\Local\Programs\MiKTeX\tex/latex/graphics-cfg\color.cfg
File: color.cfg 2016/01/02 v1.6 sample color configuration
)
Package xcolor Info: Driver file: pdftex.def on input line 274.
 (C:\Users\Carlos A. Arronte\AppData\Local\Programs\MiKTeX\tex/latex/graphics\mathcolor.ltx)
Package xcolor Info: Model `cmy' substituted by `cmy0' on input line 1349.
Package xcolor Info: Model `hsb' substituted by `rgb' on input line 1353.
Package xcolor Info: Model `RGB' extended on input line 1365.
Package xcolor Info: Model `HTML' substituted by `rgb' on input line 1367.
Package xcolor Info: Model `Hsb' substituted by `hsb' on input line 1368.
Package xcolor Info: Model `tHsb' substituted by `hsb' on input line 1369.
Package xcolor Info: Model `HSB' substituted by `hsb' on input line 1370.
Package xcolor Info: Model `Gray' substituted by `gray' on input line 1371.
Package xcolor Info: Model `wave' substituted by `hsb' on input line 1372.
) (C:\Users\Carlos A. Arronte\AppData\Local\Programs\MiKTeX\tex/latex/base\textcomp.sty
Package: textcomp 2024/04/24 v2.1b Standard LaTeX package
) (C:\Users\Carlos A. Arronte\AppData\Local\Programs\MiKTeX\tex/latex/ncctools\manyfoot.sty
Package: manyfoot 2019/08/03 v1.11 Many Footnote Levels Package (NCC)
 (C:\Users\Carlos A. Arronte\AppData\Local\Programs\MiKTeX\tex/latex/ncctools\nccfoots.sty
Package: nccfoots 2005/02/03 v1.2 NCC Footnotes Package (NCC)
)
\MFL@columnwidth=\dimen196
) (C:\Users\Carlos A. Arronte\AppData\Local\Programs\MiKTeX\tex/latex/booktabs\booktabs.sty
Package: booktabs 2020/01/12 v1.61803398 Publication quality tables
\heavyrulewidth=\dimen197
\lightrulewidth=\dimen198
\cmidrulewidth=\dimen199
\belowrulesep=\dimen256
\belowbottomsep=\dimen257
\aboverulesep=\dimen258
\abovetopsep=\dimen259
\cmidrulesep=\dimen260
\cmidrulekern=\dimen261
\defaultaddspace=\dimen262
\@cmidla=\count328
\@cmidlb=\count329
\@aboverulesep=\dimen263
\@belowrulesep=\dimen264
\@thisruleclass=\count330
\@lastruleclass=\count331
\@thisrulewidth=\dimen265
) (C:\Users\Carlos A. Arronte\AppData\Local\Programs\MiKTeX\tex/latex/algorithms\algorithm.sty
Package: algorithm 2009/08/24 v0.1 Document Style `algorithm' - floating environment
 (C:\Users\Carlos A. Arronte\AppData\Local\Programs\MiKTeX\tex/latex/float\float.sty
Package: float 2001/11/08 v1.3d Float enhancements (AL)
\c@float@type=\count332
\float@exts=\toks37
\float@box=\box74
\@float@everytoks=\toks38
\@floatcapt=\box75
)
\@float@every@algorithm=\toks39
\c@algorithm=\count333
) (C:\Users\Carlos A. Arronte\AppData\Local\Programs\MiKTeX\tex/latex/algorithmicx\algorithmicx.sty
Package: algorithmicx 2005/04/27 v1.2 Algorithmicx

Document Style algorithmicx 1.2 - a greatly improved `algorithmic' style
\c@ALG@line=\count334
\c@ALG@rem=\count335
\c@ALG@nested=\count336
\ALG@tlm=\skip70
\ALG@thistlm=\skip71
\c@ALG@Lnr=\count337
\c@ALG@blocknr=\count338
\c@ALG@storecount=\count339
\c@ALG@tmpcounter=\count340
\ALG@tmplength=\skip72
) (C:\Users\Carlos A. Arronte\AppData\Local\Programs\MiKTeX\tex/latex/algorithmicx\algpseudocode.sty
Package: algpseudocode 

Document Style - pseudocode environments for use with the `algorithmicx' style
) (C:\Users\Carlos A. Arronte\AppData\Local\Programs\MiKTeX\tex/latex/listings\listings.sty
\lst@mode=\count341
\lst@gtempboxa=\box76
\lst@token=\toks40
\lst@length=\count342
\lst@currlwidth=\dimen266
\lst@column=\count343
\lst@pos=\count344
\lst@lostspace=\dimen267
\lst@width=\dimen268
\lst@newlines=\count345
\lst@lineno=\count346
\lst@maxwidth=\dimen269
 (C:\Users\Carlos A. Arronte\AppData\Local\Programs\MiKTeX\tex/latex/listings\lstpatch.sty
File: lstpatch.sty 2025/11/14 1.11b (Carsten Heinz)
) (C:\Users\Carlos A. Arronte\AppData\Local\Programs\MiKTeX\tex/latex/listings\lstmisc.sty
File: lstmisc.sty 2025/11/14 1.11b (Carsten Heinz)
\c@lstnumber=\count347
\lst@skipnumbers=\count348
\lst@framebox=\box77
) (C:\Users\Carlos A. Arronte\AppData\Local\Programs\MiKTeX\tex/latex/listings\listings.cfg
File: listings.cfg 2025/11/14 1.11b listings configuration
))
Package: listings 2025/11/14 1.11b (Carsten Heinz)

==> First Aid for listings.sty no longer applied!
    Expected:
        2024/09/23 1.10c (Carsten Heinz)
    but found:
        2025/11/14 1.11b (Carsten Heinz)
    so I'm assuming it got fixed.
(C:\Users\Carlos A. Arronte\AppData\Local\Programs\MiKTeX\tex/latex/caption\caption.sty
Package: caption 2023/08/05 v3.6o Customizing captions (AR)
 (C:\Users\Carlos A. Arronte\AppData\Local\Programs\MiKTeX\tex/latex/caption\caption3.sty
Package: caption3 2023/07/31 v2.4d caption3 kernel (AR)
\caption@tempdima=\dimen270
\captionmargin=\dimen271
\caption@leftmargin=\dimen272
\caption@rightmargin=\dimen273
\caption@width=\dimen274
\caption@indent=\dimen275
\caption@parindent=\dimen276
\caption@hangindent=\dimen277
Package caption Info: Unknown document class (or package),
(caption)             standard defaults will be used.
Package caption Info: \@makecaption = \long macro:#1#2->\ifx \FigName \@captype \vskip \abovecaptionskip \@figurecaption {#1}{#2} \else \@tablecaption {#1}{#2} \vskip \belowcaptionskip \fi  on input line 1175.
)

Package caption Warning: Unknown document class (or package),
(caption)                standard defaults will be used.
See the caption package documentation for explanation.

\c@caption@flags=\count349
\c@continuedfloat=\count350
Package caption Info: float package is loaded.
Package caption Info: hyperref package is loaded.
Package caption Info: listings package is loaded.
Package caption Info: rotating package is loaded.
Package caption Info: threeparttable package is loaded.
Package caption Info: wrapfig package is loaded.
) (C:\Users\Carlos A. Arronte\AppData\Local\Programs\MiKTeX\tex/latex/caption\subcaption.sty
Package: subcaption 2023/07/28 v1.6b Sub-captions (AR)
Package caption Info: New subtype `subfigure' on input line 238.
\c@subfigure=\count351
Package caption Info: New subtype `subtable' on input line 238.
\c@subtable=\count352
) (C:\Users\Carlos A. Arronte\AppData\Local\Programs\MiKTeX\tex/latex/makecell\makecell.sty
Package: makecell 2009/08/03 V0.1e Managing of Tab Column Heads and Cells
 (C:\Users\Carlos A. Arronte\AppData\Local\Programs\MiKTeX\tex/latex/tools\array.sty
Package: array 2025/09/25 v2.6n Tabular extension package (FMi)
\col@sep=\dimen278
\ar@mcellbox=\box78
\extrarowheight=\dimen279
\NC@list=\toks41
\extratabsurround=\skip73
\backup@length=\skip74
\ar@cellbox=\box79
)
\rotheadsize=\dimen280
\c@nlinenum=\count353
\TeXr@lab=\toks42
)

Package amsthm Warning: Unknown theoremstyle `thmstyleone' on input line 85.

\c@theorem=\count354

Package amsthm Warning: Unknown theoremstyle `thmstyletwo' on input line 92.

\c@example=\count355
\c@remark=\count356

Package amsthm Warning: Unknown theoremstyle `thmstylethree' on input line 96.

\c@definition=\count357
(C:\Users\Carlos A. Arronte\AppData\Local\Programs\MiKTeX\tex/latex/l3backend\l3backend-pdftex.def
File: l3backend-pdftex.def 2025-10-09 L3 backend support: PDF output (pdfTeX)
\l__color_backend_stack_int=\count358
) (sn-article.aux)
\openout1 = `sn-article.aux'.

LaTeX Font Info:    Checking defaults for OML/cmm/m/it on input line 102.
LaTeX Font Info:    ... okay on input line 102.
LaTeX Font Info:    Checking defaults for OMS/cmsy/m/n on input line 102.
LaTeX Font Info:    ... okay on input line 102.
LaTeX Font Info:    Checking defaults for OT1/cmr/m/n on input line 102.
LaTeX Font Info:    ... okay on input line 102.
LaTeX Font Info:    Checking defaults for T1/cmr/m/n on input line 102.
LaTeX Font Info:    ... okay on input line 102.
LaTeX Font Info:    Checking defaults for TS1/cmr/m/n on input line 102.
LaTeX Font Info:    ... okay on input line 102.
LaTeX Font Info:    Checking defaults for OMX/cmex/m/n on input line 102.
LaTeX Font Info:    ... okay on input line 102.
LaTeX Font Info:    Checking defaults for U/cmr/m/n on input line 102.
LaTeX Font Info:    ... okay on input line 102.
LaTeX Font Info:    Checking defaults for PD1/pdf/m/n on input line 102.
LaTeX Font Info:    ... okay on input line 102.
LaTeX Font Info:    Checking defaults for PU/pdf/m/n on input line 102.
LaTeX Font Info:    ... okay on input line 102.

*geometry* driver: auto-detecting
*geometry* detected driver: pdftex
*geometry* verbose mode - [ preamble ] result:
* driver: pdftex
* paper: custom
* layout: <same size as paper>
* layoutoffset:(h,v)=(0.0pt,0.0pt)
* bindingoffset: 17.07164pt
* modes: twoside 
* h-part:(L,W,R)=(50.07684pt, 455.24408pt, 75.11531pt)
* v-part:(T,H,B)=(73.97716pt, 614.57951pt, 156.49017pt)
* \paperwidth=597.50787pt
* \paperheight=845.04684pt
* \textwidth=455.24408pt
* \textheight=614.57951pt
* \oddsidemargin=-5.1215pt
* \evensidemargin=2.84532pt
* \topmargin=-24.94597pt
* \headheight=12.0pt
* \headsep=14.65314pt
* \topskip=10.0pt
* \footskip=28.82265pt
* \marginparwidth=34.1433pt
* \marginparsep=14.22636pt
* \columnsep=22.76219pt
* \skip\footins=18.0pt plus 6.0pt minus 3.0pt
* \hoffset=0.0pt
* \voffset=0.0pt
* \mag=1000
* \@twocolumntrue
* \@twosidetrue
* \@mparswitchtrue
* \@reversemargintrue
* (1in=72.27pt=25.4mm, 1cm=28.453pt)

(C:\Users\Carlos A. Arronte\AppData\Local\Programs\MiKTeX\tex/context/base/mkii\supp-pdf.mkii
[Loading MPS to PDF converter (version 2006.09.02).]
\scratchcounter=\count359
\scratchdimen=\dimen281
\scratchbox=\box80
\nofMPsegments=\count360
\nofMParguments=\count361
\everyMPshowfont=\toks43
\MPscratchCnt=\count362
\MPscratchDim=\dimen282
\MPnumerator=\count363
\makeMPintoPDFobject=\count364
\everyMPtoPDFconversion=\toks44
) (C:\Users\Carlos A. Arronte\AppData\Local\Programs\MiKTeX\tex/latex/epstopdf-pkg\epstopdf-base.sty
Package: epstopdf-base 2020-01-24 v2.11 Base part for package epstopdf
Package epstopdf-base Info: Redefining graphics rule for `.eps' on input line 485.
 (C:\Users\Carlos A. Arronte\AppData\Local\Programs\MiKTeX\tex/latex/00miktex\epstopdf-sys.cfg
File: epstopdf-sys.cfg 2021/03/18 v2.0 Configuration of epstopdf for MiKTeX
))
Package hyperref Info: Link coloring OFF on input line 102.
 (sn-article.out) (sn-article.out)
\@outlinefile=\write3
\openout3 = `sn-article.out'.

\c@lstlisting=\count365
Package caption Info: Begin \AtBeginDocument code.
Package caption Info: End \AtBeginDocument code.
LaTeX Font Info:    Calculating math sizes for size <12.045> on input line 161.


LaTeX Font Warning: Font shape `OT1/cmr/bx/n' in size <8.43146> not available
(Font)              size <8> substituted on input line 161.


LaTeX Font Warning: Font shape `OML/cmm/b/it' in size <8.43146> not available
(Font)              size <8> substituted on input line 161.


LaTeX Font Warning: Font shape `OMS/cmsy/b/n' in size <8.43146> not available
(Font)              size <8> substituted on input line 161.

LaTeX Font Info:    Trying to load font information for U+msa on input line 161.
(C:\Users\Carlos A. Arronte\AppData\Local\Programs\MiKTeX\tex/latex/amsfonts\umsa.fd
File: umsa.fd 2013/01/14 v3.01 AMS symbols A
)
LaTeX Font Info:    Trying to load font information for U+msb on input line 161.
 (C:\Users\Carlos A. Arronte\AppData\Local\Programs\MiKTeX\tex/latex/amsfonts\umsb.fd
File: umsb.fd 2013/01/14 v3.01 AMS symbols B
)
LaTeX Font Info:    Trying to load font information for U+rsfs on input line 161.
 (C:\Users\Carlos A. Arronte\AppData\Local\Programs\MiKTeX\tex/latex/jknappen\ursfs.fd
File: ursfs.fd 1998/03/24 rsfs font definition file (jk)
)

LaTeX Font Warning: Font shape `U/rsfs/m/n' in size <8.43146> not available
(Font)              size <8> substituted on input line 161.


LaTeX Font Warning: Font shape `OT1/cmr/m/n' in size <8.43146> not available
(Font)              size <8> substituted on input line 161.

LaTeX Font Info:    Calculating math sizes for size <11.04124> on input line 161.

LaTeX Font Warning: Font shape `OT1/cmr/bx/n' in size <5.52061> not available
(Font)              size <6> substituted on input line 161.


LaTeX Font Warning: Font shape `OML/cmm/b/it' in size <5.52061> not available
(Font)              size <6> substituted on input line 161.


LaTeX Font Warning: Font shape `OMS/cmsy/b/n' in size <5.52061> not available
(Font)              size <6> substituted on input line 161.


LaTeX Font Warning: Font shape `U/rsfs/m/n' in size <5.52061> not available
(Font)              size <6> substituted on input line 161.

LaTeX Font Info:    Calculating math sizes for size <9.03374> on input line 161.

LaTeX Font Warning: Font shape `OT1/cmr/bx/n' in size <4.51686> not available
(Font)              size <5> substituted on input line 161.


LaTeX Font Warning: Font shape `OML/cmm/b/it' in size <4.51686> not available
(Font)              size <5> substituted on input line 161.


LaTeX Font Warning: Font shape `OMS/cmsy/b/n' in size <4.51686> not available
(Font)              size <5> substituted on input line 161.


LaTeX Font Warning: Font shape `U/rsfs/m/n' in size <4.51686> not available
(Font)              size <5> substituted on input line 161.

LaTeX Font Info:    Calculating math sizes for size <10.03749> on input line 161.

Underfull \vbox (badness 10000) has occurred while \output is active []


Underfull \hbox (badness 10000) has occurred while \output is active
[]| []
 []

[1{C:/Users/Carlos A. Arronte/AppData/Local/MiKTeX/fonts/map/pdftex/pdftex.map}


]
Underfull \hbox (badness 1565) in paragraph at lines 177--181
\OT1/cmr/m/n/10 as Elec-tronic Sta-bil-ity Con-trol (ESC), which
 []


Underfull \hbox (badness 2359) in paragraph at lines 177--181
\OT1/cmr/m/n/10 ing and torque mod-u-la-tion ([]Alek-sander and
 []


Underfull \hbox (badness 1371) in paragraph at lines 182--189
\OT1/cmr/m/n/10 cle dynam-ics, improv-ing over-all sta-bil-ity and
 []


Underfull \hbox (badness 1400) in paragraph at lines 182--189
\OT1/cmr/m/n/10 con-trol con-flicts between sub-sys-tems ([]Fal-cone
 []


Underfull \hbox (badness 1242) in paragraph at lines 190--200
\OT1/cmr/m/n/10 that enables high-fidelity sim-u-la-tion of cross-
 []


Underfull \hbox (badness 1297) in paragraph at lines 207--214
\OT1/cmr/m/n/10 niques. Neu-ral network-based con-trollers have
 []


Underfull \hbox (badness 1052) in paragraph at lines 215--221
[]\OT1/cmr/m/n/10 More recently, hybrid strate-gies com-bin-ing
 []


Underfull \hbox (badness 1577) in paragraph at lines 215--221
\OT1/cmr/m/n/10 advance robust-ness against para-met-ric uncer-
 []


Underfull \hbox (badness 1558) in paragraph at lines 215--221
\OT1/cmr/m/n/10 model-free con-trol approaches within a UCC
 []


Underfull \hbox (badness 1067) in paragraph at lines 223--224
\OT1/cmr/m/n/10 with adap-tive or learning-based com-pen-sa-tion
 []


Underfull \hbox (badness 1092) in paragraph at lines 225--226
\OT1/cmr/m/n/10 against rep-re-sen-ta-tive base-lines. In par-tic-u-lar,
 []


Underfull \vbox (badness 10000) has occurred while \output is active []


Underfull \hbox (badness 10000) has occurred while \output is active
[]| []
 []

[2]
Underfull \hbox (badness 1009) in paragraph at lines 230--231
\OT1/cmr/m/n/10 ing, and Section []6[] presents the exper-i-men-tal
 []


Underfull \hbox (badness 3792) in paragraph at lines 267--268
[]\OT1/cmr/m/n/10 To achieve higher fidelity, some authors
 []


Underfull \hbox (badness 1122) in paragraph at lines 269--270
\OT1/cmr/m/n/10 with unsprung mass dynam-ics, this approach
 []


Underfull \hbox (badness 1231) in paragraph at lines 271--272
\OT1/cmr/m/n/10 as vari-a-tions in mass or unex-pected changes
 []


Underfull \vbox (badness 10000) has occurred while \output is active []


Underfull \hbox (badness 10000) has occurred while \output is active
[]| []
 []

[3]
<Bicicleta.png, id=247, 521.95pt x 250.9375pt>
File: Bicicleta.png Graphic file (type png)
<use Bicicleta.png>
Package pdftex.def Info: Bicicleta.png  used on input line 276.
(pdftex.def)             Requested size: 194.61551pt x 93.56526pt.

Underfull \hbox (badness 3209) in paragraph at lines 282--283
\OT1/cmr/m/n/10 Given the lim-i-ta-tions dis-cussed above, neu-
 []


Underfull \hbox (badness 1264) in paragraph at lines 282--283
\OT1/cmr/m/n/10 unmod-eled non-lin-ear-i-ties in vehi-cle dynam-ics.
 []


Underfull \hbox (badness 1715) in paragraph at lines 282--283
\OT1/cmr/m/n/10 ness against dis-tur-bances, reduces chat-ter-ing,
 []


Underfull \hbox (badness 10000) in paragraph at lines 284--285
[]\OT1/cmr/m/n/10 In addi-tion to neu-ral network-based
 []


Underfull \vbox (badness 10000) has occurred while \output is active []


Underfull \hbox (badness 10000) has occurred while \output is active
[]| []
 []

[4 <./Bicicleta.png>]

Package hyperref Warning: Token not allowed in a PDF string (Unicode):
(hyperref)                removing `math shift' on input line 326.


Package hyperref Warning: Token not allowed in a PDF string (Unicode):
(hyperref)                removing `math shift' on input line 326.


Package hyperref Warning: Token not allowed in a PDF string (Unicode):
(hyperref)                removing `math shift' on input line 326.


Package hyperref Warning: Token not allowed in a PDF string (Unicode):
(hyperref)                removing `\beta' on input line 326.


Package hyperref Warning: Token not allowed in a PDF string (Unicode):
(hyperref)                removing `math shift' on input line 326.


Package hyperref Warning: Token not allowed in a PDF string (Unicode):
(hyperref)                removing `math shift' on input line 326.


Package hyperref Warning: Token not allowed in a PDF string (Unicode):
(hyperref)                removing `\phi' on input line 326.


Package hyperref Warning: Token not allowed in a PDF string (Unicode):
(hyperref)                removing `math shift' on input line 326.


Underfull \vbox (badness 10000) has occurred while \output is active []


Underfull \hbox (badness 10000) has occurred while \output is active
[]| []
 []

[5]
Underfull \hbox (badness 1755) in paragraph at lines 339--340
[]\OT1/cmr/m/n/10 Returning to the time domain using the
 []


Package hyperref Warning: Token not allowed in a PDF string (Unicode):
(hyperref)                removing `math shift' on input line 346.


Package hyperref Warning: Token not allowed in a PDF string (Unicode):
(hyperref)                removing `math shift' on input line 346.


Package hyperref Warning: Token not allowed in a PDF string (Unicode):
(hyperref)                removing `math shift' on input line 346.


Package hyperref Warning: Token not allowed in a PDF string (Unicode):
(hyperref)                removing `math shift' on input line 346.

<MuC mio.png, id=308, 770.88pt x 578.16pt>
File: MuC mio.png Graphic file (type png)
<use MuC mio.png>
Package pdftex.def Info: MuC mio.png  used on input line 398.
(pdftex.def)             Requested size: 216.24094pt x 162.17482pt.

LaTeX Warning: `h' float specifier changed to `ht'.


Underfull \vbox (badness 10000) has occurred while \output is active []


Underfull \hbox (badness 10000) has occurred while \output is active
[]| []
 []

[6]
<MFC_Blocos.png, id=331, 723.6636pt x 283.2984pt>
File: MFC_Blocos.png Graphic file (type png)
<use MFC_Blocos.png>
Package pdftex.def Info: MFC_Blocos.png  used on input line 427.
(pdftex.def)             Requested size: 455.24408pt x 178.21524pt.


LaTeX Warning: `h' float specifier changed to `ht'.


Package hyperref Warning: Token not allowed in a PDF string (Unicode):
(hyperref)                removing `math shift' on input line 458.


Package hyperref Warning: Token not allowed in a PDF string (Unicode):
(hyperref)                removing `\alpha' on input line 458.


Package hyperref Warning: Token not allowed in a PDF string (Unicode):
(hyperref)                removing `math shift' on input line 458.


Underfull \vbox (badness 10000) has occurred while \output is active []


Underfull \hbox (badness 10000) has occurred while \output is active
[]| []
 []

[7 <./MuC mio.png>]
Package epstopdf Info: Source file: <SWD_original.eps>
(epstopdf)                    date: 2026-03-22 10:18:23
(epstopdf)                    size: 86888 bytes
(epstopdf)             Output file: <SWD_original-eps-converted-to.pdf>
(epstopdf)                    date: 2026-03-22 10:18:23
(epstopdf)                    size: 81100 bytes
(epstopdf)             Command: <miktex-epstopdf --outfile=SWD_original-eps-converted-to.pdf SWD_original.eps>
(epstopdf)             \includegraphics on input line 479.
Package epstopdf Info: Output file is already uptodate.
<SWD_original-eps-converted-to.pdf, id=350, 554.07pt x 303.1325pt>
File: SWD_original-eps-converted-to.pdf Graphic file (type pdf)
<use SWD_original-eps-converted-to.pdf>
Package pdftex.def Info: SWD_original-eps-converted-to.pdf  used on input line 479.
(pdftex.def)             Requested size: 216.24094pt x 118.30446pt.

Underfull \vbox (badness 10000) has occurred while \output is active []


Underfull \hbox (badness 10000) has occurred while \output is active
[]| []
 []

[8 <./MFC_Blocos.png>]

Package hyperref Warning: Token not allowed in a PDF string (Unicode):
(hyperref)                removing `math shift' on input line 496.


Package hyperref Warning: Token not allowed in a PDF string (Unicode):
(hyperref)                removing `\mu' on input line 496.


Package hyperref Warning: Token not allowed in a PDF string (Unicode):
(hyperref)                removing `math shift' on input line 496.

Package epstopdf Info: Source file: <beta_07.eps>
(epstopdf)                    date: 2026-03-22 10:18:23
(epstopdf)                    size: 57399 bytes
(epstopdf)             Output file: <beta_07-eps-converted-to.pdf>
(epstopdf)                    date: 2026-03-22 10:18:23
(epstopdf)                    size: 57487 bytes
(epstopdf)             Command: <miktex-epstopdf --outfile=beta_07-eps-converted-to.pdf beta_07.eps>
(epstopdf)             \includegraphics on input line 505.
Package epstopdf Info: Output file is already uptodate.
<beta_07-eps-converted-to.pdf, id=366, 421.575pt x 224.84pt>
File: beta_07-eps-converted-to.pdf Graphic file (type pdf)
<use beta_07-eps-converted-to.pdf>
Package pdftex.def Info: beta_07-eps-converted-to.pdf  used on input line 505.
(pdftex.def)             Requested size: 182.09485pt x 97.11845pt.
Package epstopdf Info: Source file: <yaw_rate_07.eps>
(epstopdf)                    date: 2026-03-22 10:18:23
(epstopdf)                    size: 84436 bytes
(epstopdf)             Output file: <yaw_rate_07-eps-converted-to.pdf>
(epstopdf)                    date: 2026-03-22 10:18:23
(epstopdf)                    size: 88624 bytes
(epstopdf)             Command: <miktex-epstopdf --outfile=yaw_rate_07-eps-converted-to.pdf yaw_rate_07.eps>
(epstopdf)             \includegraphics on input line 511.
Package epstopdf Info: Output file is already uptodate.
<yaw_rate_07-eps-converted-to.pdf, id=367, 421.575pt x 224.84pt>
File: yaw_rate_07-eps-converted-to.pdf Graphic file (type pdf)
<use yaw_rate_07-eps-converted-to.pdf>
Package pdftex.def Info: yaw_rate_07-eps-converted-to.pdf  used on input line 511.
(pdftex.def)             Requested size: 182.09485pt x 97.11845pt.
Package epstopdf Info: Source file: <roll_07.eps>
(epstopdf)                    date: 2026-03-22 10:18:23
(epstopdf)                    size: 54525 bytes
(epstopdf)             Output file: <roll_07-eps-converted-to.pdf>
(epstopdf)                    date: 2026-03-22 10:18:23
(epstopdf)                    size: 54380 bytes
(epstopdf)             Command: <miktex-epstopdf --outfile=roll_07-eps-converted-to.pdf roll_07.eps>
(epstopdf)             \includegraphics on input line 517.
Package epstopdf Info: Output file is already uptodate.
<roll_07-eps-converted-to.pdf, id=368, 421.575pt x 225.84375pt>
File: roll_07-eps-converted-to.pdf Graphic file (type pdf)
<use roll_07-eps-converted-to.pdf>
Package pdftex.def Info: roll_07-eps-converted-to.pdf  used on input line 517.
(pdftex.def)             Requested size: 182.09485pt x 97.552pt.
Package epstopdf Info: Source file: <roll_rate_07.eps>
(epstopdf)                    date: 2026-03-22 10:18:23
(epstopdf)                    size: 62451 bytes
(epstopdf)             Output file: <roll_rate_07-eps-converted-to.pdf>
(epstopdf)                    date: 2026-03-22 10:18:23
(epstopdf)                    size: 63035 bytes
(epstopdf)             Command: <miktex-epstopdf --outfile=roll_rate_07-eps-converted-to.pdf roll_rate_07.eps>
(epstopdf)             \includegraphics on input line 523.
Package epstopdf Info: Output file is already uptodate.
<roll_rate_07-eps-converted-to.pdf, id=369, 421.575pt x 225.84375pt>
File: roll_rate_07-eps-converted-to.pdf Graphic file (type pdf)
<use roll_rate_07-eps-converted-to.pdf>
Package pdftex.def Info: roll_rate_07-eps-converted-to.pdf  used on input line 523.
(pdftex.def)             Requested size: 182.09485pt x 97.552pt.

Package hyperref Warning: Token not allowed in a PDF string (Unicode):
(hyperref)                removing `math shift' on input line 561.


Package hyperref Warning: Token not allowed in a PDF string (Unicode):
(hyperref)                removing `\mu' on input line 561.


Package hyperref Warning: Token not allowed in a PDF string (Unicode):
(hyperref)                removing `math shift' on input line 561.

Package epstopdf Info: Source file: <beta_05.eps>
(epstopdf)                    date: 2026-03-22 10:18:23
(epstopdf)                    size: 58194 bytes
(epstopdf)             Output file: <beta_05-eps-converted-to.pdf>
(epstopdf)                    date: 2026-03-22 10:18:23
(epstopdf)                    size: 57738 bytes
(epstopdf)             Command: <miktex-epstopdf --outfile=beta_05-eps-converted-to.pdf beta_05.eps>
(epstopdf)             \includegraphics on input line 571.
Package epstopdf Info: Output file is already uptodate.
<beta_05-eps-converted-to.pdf, id=374, 421.575pt x 225.84375pt>
File: beta_05-eps-converted-to.pdf Graphic file (type pdf)
<use beta_05-eps-converted-to.pdf>
Package pdftex.def Info: beta_05-eps-converted-to.pdf  used on input line 571.
(pdftex.def)             Requested size: 182.09485pt x 97.552pt.
Package epstopdf Info: Source file: <yaw_rate_05.eps>
(epstopdf)                    date: 2026-03-22 10:18:23
(epstopdf)                    size: 86760 bytes
(epstopdf)             Output file: <yaw_rate_05-eps-converted-to.pdf>
(epstopdf)                    date: 2026-03-22 10:18:23
(epstopdf)                    size: 89442 bytes
(epstopdf)             Command: <miktex-epstopdf --outfile=yaw_rate_05-eps-converted-to.pdf yaw_rate_05.eps>
(epstopdf)             \includegraphics on input line 577.
Package epstopdf Info: Output file is already uptodate.
<yaw_rate_05-eps-converted-to.pdf, id=375, 421.575pt x 224.84pt>
File: yaw_rate_05-eps-converted-to.pdf Graphic file (type pdf)
<use yaw_rate_05-eps-converted-to.pdf>
Package pdftex.def Info: yaw_rate_05-eps-converted-to.pdf  used on input line 577.
(pdftex.def)             Requested size: 182.09485pt x 97.11845pt.
Package epstopdf Info: Source file: <roll_05.eps>
(epstopdf)                    date: 2026-03-22 10:18:23
(epstopdf)                    size: 70111 bytes
(epstopdf)             Output file: <roll_05-eps-converted-to.pdf>
(epstopdf)                    date: 2026-03-22 10:18:23
(epstopdf)                    size: 69867 bytes
(epstopdf)             Command: <miktex-epstopdf --outfile=roll_05-eps-converted-to.pdf roll_05.eps>
(epstopdf)             \includegraphics on input line 583.
Package epstopdf Info: Output file is already uptodate.
<roll_05-eps-converted-to.pdf, id=376, 421.575pt x 224.84pt>
File: roll_05-eps-converted-to.pdf Graphic file (type pdf)
<use roll_05-eps-converted-to.pdf>
Package pdftex.def Info: roll_05-eps-converted-to.pdf  used on input line 583.
(pdftex.def)             Requested size: 182.09485pt x 97.11845pt.
Package epstopdf Info: Source file: <roll_rate_05.eps>
(epstopdf)                    date: 2026-03-22 10:18:23
(epstopdf)                    size: 68318 bytes
(epstopdf)             Output file: <roll_rate_05-eps-converted-to.pdf>
(epstopdf)                    date: 2026-03-22 10:18:23
(epstopdf)                    size: 68067 bytes
(epstopdf)             Command: <miktex-epstopdf --outfile=roll_rate_05-eps-converted-to.pdf roll_rate_05.eps>
(epstopdf)             \includegraphics on input line 589.
Package epstopdf Info: Output file is already uptodate.
<roll_rate_05-eps-converted-to.pdf, id=377, 421.575pt x 226.8475pt>
File: roll_rate_05-eps-converted-to.pdf Graphic file (type pdf)
<use roll_rate_05-eps-converted-to.pdf>
Package pdftex.def Info: roll_rate_05-eps-converted-to.pdf  used on input line 589.
(pdftex.def)             Requested size: 182.09485pt x 97.98558pt.

Package hyperref Warning: Token not allowed in a PDF string (Unicode):
(hyperref)                removing `math shift' on input line 627.


Package hyperref Warning: Token not allowed in a PDF string (Unicode):
(hyperref)                removing `\mu' on input line 627.


Package hyperref Warning: Token not allowed in a PDF string (Unicode):
(hyperref)                removing `math shift' on input line 627.


Underfull \vbox (badness 10000) has occurred while \output is active []


Underfull \hbox (badness 10000) has occurred while \output is active
[]| []
 []

[9 <./SWD_original-eps-converted-to.pdf> <./beta_07-eps-converted-to.pdf> <./yaw_rate_07-eps-converted-to.pdf> <./roll_07-eps-converted-to.pdf> <./roll_rate_07-eps-converted-to.pdf>]
Package epstopdf Info: Source file: <beta_03.eps>
(epstopdf)                    date: 2026-03-22 10:18:23
(epstopdf)                    size: 50589 bytes
(epstopdf)             Output file: <beta_03-eps-converted-to.pdf>
(epstopdf)                    date: 2026-03-22 10:18:23
(epstopdf)                    size: 49424 bytes
(epstopdf)             Command: <miktex-epstopdf --outfile=beta_03-eps-converted-to.pdf beta_03.eps>
(epstopdf)             \includegraphics on input line 635.
Package epstopdf Info: Output file is already uptodate.
<beta_03-eps-converted-to.pdf, id=414, 421.575pt x 224.84pt>
File: beta_03-eps-converted-to.pdf Graphic file (type pdf)
<use beta_03-eps-converted-to.pdf>
Package pdftex.def Info: beta_03-eps-converted-to.pdf  used on input line 635.
(pdftex.def)             Requested size: 182.09485pt x 97.11845pt.
Package epstopdf Info: Source file: <yaw_rate_03.eps>
(epstopdf)                    date: 2026-03-22 10:18:23
(epstopdf)                    size: 68461 bytes
(epstopdf)             Output file: <yaw_rate_03-eps-converted-to.pdf>
(epstopdf)                    date: 2026-03-22 10:18:23
(epstopdf)                    size: 66859 bytes
(epstopdf)             Command: <miktex-epstopdf --outfile=yaw_rate_03-eps-converted-to.pdf yaw_rate_03.eps>
(epstopdf)             \includegraphics on input line 641.
Package epstopdf Info: Output file is already uptodate.
<yaw_rate_03-eps-converted-to.pdf, id=415, 421.575pt x 221.82875pt>
File: yaw_rate_03-eps-converted-to.pdf Graphic file (type pdf)
<use yaw_rate_03-eps-converted-to.pdf>
Package pdftex.def Info: yaw_rate_03-eps-converted-to.pdf  used on input line 641.
(pdftex.def)             Requested size: 182.09485pt x 95.81775pt.
Package epstopdf Info: Source file: <roll_03.eps>
(epstopdf)                    date: 2026-03-22 10:18:23
(epstopdf)                    size: 56895 bytes
(epstopdf)             Output file: <roll_03-eps-converted-to.pdf>
(epstopdf)                    date: 2026-03-22 10:18:23
(epstopdf)                    size: 54634 bytes
(epstopdf)             Command: <miktex-epstopdf --outfile=roll_03-eps-converted-to.pdf roll_03.eps>
(epstopdf)             \includegraphics on input line 647.
Package epstopdf Info: Output file is already uptodate.
<roll_03-eps-converted-to.pdf, id=416, 421.575pt x 226.8475pt>
File: roll_03-eps-converted-to.pdf Graphic file (type pdf)
<use roll_03-eps-converted-to.pdf>
Package pdftex.def Info: roll_03-eps-converted-to.pdf  used on input line 647.
(pdftex.def)             Requested size: 182.09485pt x 97.98558pt.
Package epstopdf Info: Source file: <roll_rate_03.eps>
(epstopdf)                    date: 2026-03-22 10:18:23
(epstopdf)                    size: 50971 bytes
(epstopdf)             Output file: <roll_rate_03-eps-converted-to.pdf>
(epstopdf)                    date: 2026-03-22 10:18:23
(epstopdf)                    size: 49246 bytes
(epstopdf)             Command: <miktex-epstopdf --outfile=roll_rate_03-eps-converted-to.pdf roll_rate_03.eps>
(epstopdf)             \includegraphics on input line 653.
Package epstopdf Info: Output file is already uptodate.
<roll_rate_03-eps-converted-to.pdf, id=417, 421.575pt x 224.84pt>
File: roll_rate_03-eps-converted-to.pdf Graphic file (type pdf)
<use roll_rate_03-eps-converted-to.pdf>
Package pdftex.def Info: roll_rate_03-eps-converted-to.pdf  used on input line 653.
(pdftex.def)             Requested size: 182.09485pt x 97.11845pt.

Underfull \vbox (badness 10000) has occurred while \output is active []


Underfull \hbox (badness 10000) has occurred while \output is active
[]| []
 []

[10 <./beta_05-eps-converted-to.pdf> <./yaw_rate_05-eps-converted-to.pdf> <./roll_05-eps-converted-to.pdf> <./roll_rate_05-eps-converted-to.pdf> <./beta_03-eps-converted-to.pdf> <./yaw_rate_03-eps-converted-to.pdf> <./roll_03-eps-converted-to.pdf> <./roll_rate_03-eps-converted-to.pdf>]
Underfull \hbox (badness 1354) in paragraph at lines 694--695
[]\OT1/cmr/bx/n/10 Side-slip angle: \OT1/cmr/m/n/10 Both con-trollers demon-
 []


Overfull \hbox (5.0059pt too wide) in paragraph at lines 739--775
[] 
 []


Package hyperref Warning: Difference (4) between bookmark levels is greater 
(hyperref)                than one, level fixed on input line 800.


Underfull \hbox (badness 10000) in paragraph at lines 800--801
 []\OT1/cmr/bx/n/10 Acknowledgements.[][] \OT1/cmr/m/n/10 The authors thank
 []


Underfull \hbox (badness 3189) in paragraph at lines 800--801
\OT1/cmr/m/n/10 de Esta-bil-i-dade (SUSP-EST)'' and ``Pro-jeto,
 []


Underfull \vbox (badness 10000) has occurred while \output is active []


Underfull \hbox (badness 10000) has occurred while \output is active
[]| []
 []

[11] (sn-article.bbl
Underfull \hbox (badness 1168) in paragraph at lines 63--68
\OT1/cmr/m/it/10 nol-ogy 15\OT1/cmr/m/n/10 (3): 566--580.  []$https : / / doi . org / 10 .
 []


Underfull \vbox (badness 10000) has occurred while \output is active []


Underfull \hbox (badness 10000) has occurred while \output is active
[]| []
 []

[12]
Underfull \hbox (badness 10000) in paragraph at lines 90--94
[]\OT1/cmr/m/n/10 Gidlewski, M.J., K. JANKOWSKI,
 []


Underfull \hbox (badness 2293) in paragraph at lines 97--102
\OT1/cmr/m/n/10 2021.  Neural-fuzzy-based adap-tive slid-ing
 []


Underfull \hbox (badness 1178) in paragraph at lines 112--118
\OT1/cmr/m/n/10 ics model of auto-mo-bile chas-sis.  \OT1/cmr/m/it/10 Inter-na-
 []


Underfull \hbox (badness 1824) in paragraph at lines 127--134
[]\OT1/cmr/m/n/10 Lew, T., M. Greiff, F. Djeu-mou, M. Sum-i-
 []


Underfull \hbox (badness 1742) in paragraph at lines 170--176
[]\OT1/cmr/m/n/10 Menhour, L., B. d'Andr^^Sea Novel, M. Fliess,
 []


Underfull \hbox (badness 10000) in paragraph at lines 186--191
[]\OT1/cmr/m/n/10 Naciones Unidas (Noti-cias ONU). 2022,
 []


Underfull \hbox (badness 5417) in paragraph at lines 186--191
\OT1/cmr/m/n/10 June 30.  Acci-dentes viales: \una epi-
 []


Underfull \hbox (badness 4416) in paragraph at lines 186--191
\OT1/cmr/m/n/10 demia silen-ciosa y ambu-lante" que mata
 []


Underfull \hbox (badness 10000) in paragraph at lines 186--191
\OT1/cmr/m/n/10 a 1,3 mil-lones de per-sonas por a~no.
 []


Overfull \hbox (4.03738pt too wide) in paragraph at lines 186--191
\OT1/cmr/m/n/10 https://news.un.org/es/story/2022/06/1511112.
 []


Underfull \vbox (badness 10000) has occurred while \output is active []


Underfull \hbox (badness 10000) has occurred while \output is active
[]| []
 []

[13]
Underfull \hbox (badness 1264) in paragraph at lines 225--229
\OT1/cmr/m/n/10 Model-based con-trol and model-free con-trol
 []


Underfull \hbox (badness 10000) in paragraph at lines 254--260
[]\OT1/cmr/m/n/10 Wanki, C., C. Jae-woong, K. Chongkap,
 []


Underfull \hbox (badness 1286) in paragraph at lines 254--260
\OT1/cmr/m/n/10 C. Seibum, and Y. Kyongsu. 2012.  Uni-
 []


Underfull \hbox (badness 5563) in paragraph at lines 254--260
\OT1/cmr/m/n/10 fied chas-sis con-trol for the improve-ment
 []


Underfull \hbox (badness 10000) in paragraph at lines 254--260
\OT1/cmr/m/n/10 of agility, maneu-ver-abil-ity, and lat-
 []


Underfull \hbox (badness 10000) in paragraph at lines 254--260
\OT1/cmr/m/n/10 eral sta-bil-ity.  \OT1/cmr/m/it/10 IEEE Trans-ac-tions on
 []


Underfull \hbox (badness 10000) in paragraph at lines 254--260
\OT1/cmr/m/it/10 Vehic-u-lar Tech-nol-ogy 61\OT1/cmr/m/n/10 (3): 1008--1020.
 []

)
Underfull \vbox (badness 10000) has occurred while \output is active []


Underfull \hbox (badness 10000) has occurred while \output is active
[]| []
 []

[14] (sn-article.aux)
 ***********
LaTeX2e <2025-11-01>
L3 programming layer <2026-01-19>
 ***********


LaTeX Font Warning: Size substitutions with differences
(Font)              up to 0.48314pt have occurred.

Package rerunfilecheck Info: File `sn-article.out' has not changed.
(rerunfilecheck)             Checksum: 49037A9B72BCE29DEB1C820AE92503AC;5117.
 ) 
Here is how much of TeX's memory you used:
 16650 strings out of 467867
 264789 string characters out of 5412490
 699568 words of memory out of 5000000
 45159 multiletter control sequences out of 15000+600000
 647681 words of font info for 121 fonts, out of 8000000 for 9000
 1151 hyphenation exceptions out of 8191
 90i,15n,117p,1275b,636s stack positions out of 10000i,1000n,20000p,200000b,200000s
 <C:\Users\Carlos A. Arronte\AppData\Local\MiKTeX\fonts/pk/ljfour/jknappen/ec/dpi600\tcti1000.pk> <C:\Users\Carlos A. Arronte\AppData\Local\MiKTeX\fonts/pk/ljfour/jknappen/ec/dpi600\tcrm1000.pk> <C:\Users\Carlos A. Arronte\AppData\Local\MiKTeX\fonts/pk/ljfour/jknappen/ec/dpi600\tcrm0700.pk> <C:\Users\Carlos A. Arronte\AppData\Local\MiKTeX\fonts/pk/ljfour/jknappen/ec/dpi600\tcrm0600.pk><C:/Users/Carlos A. Arronte/AppData/Local/Programs/MiKTeX/fonts/type1/public/amsfonts/cmextra/cmbsy8.pfb><C:/Users/Carlos A. Arronte/AppData/Local/Programs/MiKTeX/fonts/type1/public/amsfonts/cm/cmbx10.pfb><C:/Users/Carlos A. Arronte/AppData/Local/Programs/MiKTeX/fonts/type1/public/amsfonts/cm/cmbx12.pfb><C:/Users/Carlos A. Arronte/AppData/Local/Programs/MiKTeX/fonts/type1/public/amsfonts/cm/cmbx8.pfb><C:/Users/Carlos A. Arronte/AppData/Local/Programs/MiKTeX/fonts/type1/public/amsfonts/cm/cmbx9.pfb><C:/Users/Carlos A. Arronte/AppData/Local/Programs/MiKTeX/fonts/type1/public/amsfonts/cm/cmex10.pfb><C:/Users/Carlos A. Arronte/AppData/Local/Programs/MiKTeX/fonts/type1/public/amsfonts/cm/cmmi10.pfb><C:/Users/Carlos A. Arronte/AppData/Local/Programs/MiKTeX/fonts/type1/public/amsfonts/cm/cmmi5.pfb><C:/Users/Carlos A. Arronte/AppData/Local/Programs/MiKTeX/fonts/type1/public/amsfonts/cm/cmmi7.pfb><C:/Users/Carlos A. Arronte/AppData/Local/Programs/MiKTeX/fonts/type1/public/amsfonts/cm/cmmib10.pfb><C:/Users/Carlos A. Arronte/AppData/Local/Programs/MiKTeX/fonts/type1/public/amsfonts/cm/cmr10.pfb><C:/Users/Carlos A. Arronte/AppData/Local/Programs/MiKTeX/fonts/type1/public/amsfonts/cm/cmr12.pfb><C:/Users/Carlos A. Arronte/AppData/Local/Programs/MiKTeX/fonts/type1/public/amsfonts/cm/cmr17.pfb><C:/Users/Carlos A. Arronte/AppData/Local/Programs/MiKTeX/fonts/type1/public/amsfonts/cm/cmr5.pfb><C:/Users/Carlos A. Arronte/AppData/Local/Programs/MiKTeX/fonts/type1/public/amsfonts/cm/cmr7.pfb><C:/Users/Carlos A. Arronte/AppData/Local/Programs/MiKTeX/fonts/type1/public/amsfonts/cm/cmr8.pfb><C:/Users/Carlos A. Arronte/AppData/Local/Programs/MiKTeX/fonts/type1/public/amsfonts/cm/cmr9.pfb><C:/Users/Carlos A. Arronte/AppData/Local/Programs/MiKTeX/fonts/type1/public/amsfonts/cm/cmsy10.pfb><C:/Users/Carlos A. Arronte/AppData/Local/Programs/MiKTeX/fonts/type1/public/amsfonts/cm/cmsy7.pfb><C:/Users/Carlos A. Arronte/AppData/Local/Programs/MiKTeX/fonts/type1/public/amsfonts/cm/cmti10.pfb><C:/Users/Carlos A. Arronte/AppData/Local/Programs/MiKTeX/fonts/type1/public/amsfonts/symbols/msbm10.pfb>
Output written on sn-article.pdf (14 pages, 1553614 bytes).
PDF statistics:
 631 PDF objects out of 1000 (max. 8388607)
 107 named destinations out of 1000 (max. 500000)
 305 words of extra memory for PDF output out of 10000 (max. 10000000)

