\BOOKMARK [1][]{section.1}{Introduction}{}% 1
\BOOKMARK [1][]{section.2}{Control Problem Formulation}{}% 2
\BOOKMARK [2][]{subsection.2.1}{Vehicle States and Control Objectives}{section.2}% 3
\BOOKMARK [2][]{subsection.2.2}{Reference Generation and Operating Constraints}{section.2}% 4
\BOOKMARK [2][]{subsection.2.3}{Control Inputs and Actuator Constraints}{section.2}% 5
\BOOKMARK [2][]{subsection.2.4}{Maneuver Completion and Failure Criteria}{section.2}% 6
\BOOKMARK [1][]{section.3}{Benchmark Controllers and Comparative Framework}{}% 7
\BOOKMARK [2][]{subsection.3.1}{Fixed-Parameter 2PID+Fuzzy Controller}{section.3}% 8
\BOOKMARK [2][]{subsection.3.2}{Gain-Scheduled LQR Controller}{section.3}% 9
\BOOKMARK [2][]{subsection.3.3}{CarSim Built-in Baseline Controller}{section.3}% 10
\BOOKMARK [1][]{section.4}{Model-Free Unified Chassis Control Design}{}% 11
\BOOKMARK [2][]{subsection.4.1}{Ultra-Local Model and Intelligent PID Formulation}{section.4}% 12
\BOOKMARK [2][]{subsection.4.2}{Algebraic Estimation of the Lumped Term}{section.4}% 13
\BOOKMARK [3][]{subsubsection.4.2.1}{Second-order estimator for \040and }{subsection.4.2}% 14
\BOOKMARK [3][]{subsubsection.4.2.2}{First-order estimator for }{subsection.4.2}% 15
\BOOKMARK [3][]{subsubsection.4.2.3}{Discrete-time implementation}{subsection.4.2}% 16
\BOOKMARK [2][]{subsection.4.3}{Unified Chassis Control Architecture}{section.4}% 17
\BOOKMARK [3][]{subsubsection.4.3.1}{Supervision layer}{subsection.4.3}% 18
\BOOKMARK [3][]{subsubsection.4.3.2}{High-level controller}{subsection.4.3}% 19
\BOOKMARK [3][]{subsubsection.4.3.3}{Coordination layer}{subsection.4.3}% 20
\BOOKMARK [2][]{subsection.4.4}{Control Allocation}{section.4}% 21
\BOOKMARK [2][]{subsection.4.5}{Parameter Selection and Implementation Details}{section.4}% 22
\BOOKMARK [1][]{section.5}{Experimental Design}{}% 23
\BOOKMARK [1][]{section.6}{Simulation Results}{}% 24
\BOOKMARK [2][]{subsection.6.1}{Simulation for = 0.7}{section.6}% 25
\BOOKMARK [2][]{subsection.6.2}{Simulation for = 0.5}{section.6}% 26
\BOOKMARK [2][]{subsection.6.3}{Simulation for = 0.3}{section.6}% 27
\BOOKMARK [2][]{subsection.6.4}{Statistical results across different friction conditions}{section.6}% 28
\BOOKMARK [1][]{section.7}{Conclusions}{}% 29
\BOOKMARK [2][]{section*.13}{Acknowledgements}{section.7}% 30
